<?xml version="1.0" encoding="UTF-8"?>
<!-- Generated by org.testng.reporters.JUnitReportReporter -->
<testsuite hostname="thuvvareka.local" failures="0" tests="2" name="tests.EmailAccountCreationTest" time="36.285" errors="0" timestamp="08 Aug 2020 19:49:01 GMT" skipped="0">
  <testcase classname="tests.EmailAccountCreationTest" name="signOutTest" time="1.547"/>
  <testcase classname="tests.EmailAccountCreationTest" name="emailAccountCreationTest" time="34.738"/>
</testsuite> <!-- tests.EmailAccountCreationTest -->
