<?xml version="1.0" encoding="UTF-8"?>
<!-- Generated by org.testng.reporters.JUnitReportReporter -->
<testsuite hostname="thuvvareka.local" failures="0" tests="2" name="test.EmailAccountCreationTest" time="40.281" errors="0" timestamp="08 Aug 2020 07:27:28 GMT" skipped="0">
  <testcase classname="test.EmailAccountCreationTest" name="emailAccountCreationTest" time="36.677"/>
  <testcase classname="test.EmailAccountCreationTest" name="signOutTest" time="3.604"/>
</testsuite> <!-- test.EmailAccountCreationTest -->
